#
# A fatal error has been detected by the Java Runtime Environment:
#
#  Internal Error (javaClasses.cpp:126), pid=2184, tid=3528
#  fatal error: Invalid layout of preloaded class
#
# JRE version:  (8.0_25-b18) (build )
# Java VM: Java HotSpot(TM) 64-Bit Server VM (25.25-b02 mixed mode windows-amd64 compressed oops)
# Failed to write core dump. Minidumps are not enabled by default on client versions of Windows
#
# If you would like to submit a bug report, please visit:
#   http://bugreport.sun.com/bugreport/crash.jsp
#

---------------  T H R E A D  ---------------

Current thread (0x00000000024e0800):  JavaThread "Unknown thread" [_thread_in_vm, id=3528, stack(0x0000000002390000,0x0000000002490000)]

Stack: [0x0000000002390000,0x0000000002490000]
Native frames: (J=compiled Java code, j=interpreted, Vv=VM code, C=native code)
V  [jvm.dll+0x31667a]
V  [jvm.dll+0x267073]
V  [jvm.dll+0x267cb3]
V  [jvm.dll+0x25f536]
V  [jvm.dll+0x5e773]
V  [jvm.dll+0x5e863]
V  [jvm.dll+0x731ca]
V  [jvm.dll+0x73528]
V  [jvm.dll+0xe48b7]
V  [jvm.dll+0xe4c46]
V  [jvm.dll+0x1f9ae7]
V  [jvm.dll+0x22b2e4]
V  [jvm.dll+0x14d571]
C  [javaw.exe+0x20c6]
C  [javaw.exe+0xc9eb]
C  [javaw.exe+0xca7f]
C  [KERNEL32.DLL+0x16ad]
C  [ntdll.dll+0x54409]


---------------  P R O C E S S  ---------------

Java Threads: ( => current thread )

Other Threads:

=>0x00000000024e0800 (exited) JavaThread "Unknown thread" [_thread_in_vm, id=3528, stack(0x0000000002390000,0x0000000002490000)]

VM state:not at safepoint (not fully initialized)

VM Mutex/Monitor currently owned by a thread: None

GC Heap History (0 events):
No events

Deoptimization events (0 events):
No events

Internal exceptions (0 events):
No events

Events (10 events):
Event: 0.037 loading class java/lang/CharSequence done
Event: 0.038 loading class java/lang/String done
Event: 0.038 loading class java/lang/Class
Event: 0.038 loading class java/lang/reflect/AnnotatedElement
Event: 0.038 loading class java/lang/reflect/AnnotatedElement done
Event: 0.038 loading class java/lang/reflect/GenericDeclaration
Event: 0.038 loading class java/lang/reflect/GenericDeclaration done
Event: 0.039 loading class java/lang/reflect/Type
Event: 0.039 loading class java/lang/reflect/Type done
Event: 0.039 loading class java/lang/Class done


Dynamic libraries:
0x00007ff60ba70000 - 0x00007ff60baa4000 	C:\Program Files\Java\jre1.8.0_25\bin\javaw.exe
0x00007ffab3410000 - 0x00007ffab35b6000 	C:\WINDOWS\SYSTEM32\ntdll.dll
0x00007ffab2b40000 - 0x00007ffab2c7a000 	C:\WINDOWS\system32\KERNEL32.DLL
0x00007ffab0900000 - 0x00007ffab0a0f000 	C:\WINDOWS\system32\KERNELBASE.dll
0x00007ffaaf380000 - 0x00007ffaaf408000 	C:\WINDOWS\system32\apphelp.dll
0x00007ffaa55d0000 - 0x00007ffaa561f000 	C:\WINDOWS\AppPatch\AppPatch64\AcGenral.DLL
0x00007ffab1170000 - 0x00007ffab1217000 	C:\WINDOWS\system32\msvcrt.dll
0x00007ffab05c0000 - 0x00007ffab05eb000 	C:\WINDOWS\SYSTEM32\SspiCli.dll
0x00007ffab2ae0000 - 0x00007ffab2b31000 	C:\WINDOWS\system32\SHLWAPI.dll
0x00007ffab3280000 - 0x00007ffab33f1000 	C:\WINDOWS\system32\USER32.dll
0x00007ffab30e0000 - 0x00007ffab3258000 	C:\WINDOWS\system32\ole32.dll
0x00007ffab12d0000 - 0x00007ffab26df000 	C:\WINDOWS\system32\SHELL32.dll
0x00007ffab0160000 - 0x00007ffab017e000 	C:\WINDOWS\SYSTEM32\USERENV.dll
0x00007ffab2840000 - 0x00007ffab28e5000 	C:\WINDOWS\system32\ADVAPI32.dll
0x00007ffaa6900000 - 0x00007ffaa691b000 	C:\WINDOWS\SYSTEM32\MPR.dll
0x00007ffab2f40000 - 0x00007ffab3077000 	C:\WINDOWS\system32\RPCRT4.dll
0x00007ffab2c80000 - 0x00007ffab2cd7000 	C:\WINDOWS\SYSTEM32\sechost.dll
0x00007ffab28f0000 - 0x00007ffab2ac6000 	C:\WINDOWS\SYSTEM32\combase.dll
0x00007ffab0c90000 - 0x00007ffab0dd4000 	C:\WINDOWS\system32\GDI32.dll
0x00007ffab0780000 - 0x00007ffab0794000 	C:\WINDOWS\SYSTEM32\profapi.dll
0x00007ffaae9b0000 - 0x00007ffaaea4f000 	C:\WINDOWS\SYSTEM32\SHCORE.dll
0x00007ffab2dc0000 - 0x00007ffab2df4000 	C:\WINDOWS\system32\IMM32.DLL
0x00007ffab2e00000 - 0x00007ffab2f39000 	C:\WINDOWS\system32\MSCTF.dll
0x00007ffaada20000 - 0x00007ffaadc7a000 	C:\WINDOWS\WinSxS\amd64_microsoft.windows.common-controls_6595b64144ccf1df_6.0.9600.17031_none_6242a4b3ecbb55a1\COMCTL32.dll
0x0000000067f40000 - 0x0000000068012000 	C:\Program Files\Java\jre1.8.0_25\bin\msvcr100.dll
0x0000000065430000 - 0x0000000065c8a000 	C:\Program Files\Java\jre1.8.0_25\bin\server\jvm.dll
0x00007ffa95530000 - 0x00007ffa95539000 	C:\WINDOWS\SYSTEM32\WSOCK32.dll
0x00007ffaa8f80000 - 0x00007ffaa8f9f000 	C:\WINDOWS\SYSTEM32\WINMM.dll
0x00007ffab2ad0000 - 0x00007ffab2ad7000 	C:\WINDOWS\system32\PSAPI.DLL
0x00007ffab2780000 - 0x00007ffab27d8000 	C:\WINDOWS\system32\WS2_32.dll
0x00007ffaa8f50000 - 0x00007ffaa8f7a000 	C:\WINDOWS\SYSTEM32\WINMMBASE.dll
0x00007ffab2db0000 - 0x00007ffab2db9000 	C:\WINDOWS\system32\NSI.dll
0x00007ffab0a10000 - 0x00007ffab0a5a000 	C:\WINDOWS\SYSTEM32\cfgmgr32.dll
0x00007ffaaf5f0000 - 0x00007ffaaf616000 	C:\WINDOWS\SYSTEM32\DEVOBJ.dll
0x0000000068aa0000 - 0x0000000068aaf000 	C:\Program Files\Java\jre1.8.0_25\bin\verify.dll
0x0000000068a70000 - 0x0000000068a98000 	C:\Program Files\Java\jre1.8.0_25\bin\java.dll
0x0000000068a50000 - 0x0000000068a66000 	C:\Program Files\Java\jre1.8.0_25\bin\zip.dll
0x00007ffaa9c90000 - 0x00007ffaa9e18000 	C:\WINDOWS\SYSTEM32\dbghelp.dll

VM Arguments:
jvm_args: -Dfile.encoding=Cp1252 -Xbootclasspath:C:\Users\Adriano\Downloads\adt-bundle-windows-x86_64-20140702\adt-bundle-windows-x86_64-20140702\sdk\platforms\android-20\android.jar 
java_command: storage
java_class_path (initial): C:\Users\Adriano\workspace\LoadedQuestions\bin\classes;C:\Users\Adriano\workspace\LoadedQuestions\libs\android-support-v4.jar
Launcher Type: SUN_STANDARD

Environment Variables:
PATH=C:/Program Files/Java/jre1.8.0_25/bin/server;C:/Program Files/Java/jre1.8.0_25/bin;C:/Program Files/Java/jre1.8.0_25/lib/amd64;C:\ProgramData\Oracle\Java\javapath;C:\Program Files (x86)\Common Files\ArcSoft\Bin;C:\WINDOWS\system32;C:\WINDOWS;C:\WINDOWS\System32\Wbem;C:\WINDOWS\System32\WindowsPowerShell\v1.0\;C:\Program Files (x86)\ATI Technologies\ATI.ACE\Core-Static;C:\Program Files (x86)\Windows Live\Shared;C:\Program Files (x86)\Universal Extractor;C:\Program Files (x86)\Universal Extractor\bin;C:\adb;C:\Users\Adriano\Downloads\adt-bundle-windows-x86_64-20140702\adt-bundle-windows-x86_64-20140702\eclipse;
USERNAME=Adriano
OS=Windows_NT
PROCESSOR_IDENTIFIER=AMD64 Family 22 Model 0 Stepping 1, AuthenticAMD



---------------  S Y S T E M  ---------------

OS: Windows 8.1 , 64 bit Build 9600 

CPU:total 4 (4 cores per cpu, 1 threads per core) family 22 model 0 stepping 1, cmov, cx8, fxsr, mmx, sse, sse2, sse3, ssse3, sse4.1, sse4.2, popcnt, avx, aes, clmul, mmxext, 3dnowpref, lzcnt, sse4a, tsc, tscinvbit, tscinv, bmi1

Memory: 4k page, physical 7808264k(3562796k free), swap 9053448k(3542632k free)

vm_info: Java HotSpot(TM) 64-Bit Server VM (25.25-b02) for windows-amd64 JRE (1.8.0_25-b18), built on Oct  7 2014 14:25:37 by "java_re" with MS VC++ 10.0 (VS2010)

time: Sun Nov 30 14:02:08 2014
elapsed time: 0 seconds (0d 0h 0m 0s)

